  stdafx.cpp
  dllmain.cpp
  Source.cpp
C:\Users\WalterD\Documents\Work\ONR_Malploy\deception-hooks\packages\EasyHookNativePackage.2.7.7097\build\native\include\easyhook.h(39): warning C4005: 'NTDDI_VERSION': macro redefinition
  C:\Program Files (x86)\Windows Kits\8.1\Include\shared\SDKDDKVer.h(206): note: see previous definition of 'NTDDI_VERSION'
C:\Users\WalterD\Documents\Work\ONR_Malploy\deception-hooks\packages\EasyHookNativePackage.2.7.7097\build\native\include\easyhook.h(40): warning C4005: '_WIN32_WINNT': macro redefinition
  C:\Program Files (x86)\Windows Kits\8.1\Include\shared\SDKDDKVer.h(200): note: see previous definition of '_WIN32_WINNT'
Source.cpp(56): warning C4101: 'recvbuf': unreferenced local variable
Source.cpp(341): warning C4018: '<': signed/unsigned mismatch
Source.cpp(387): warning C4102: 'std': unreferenced label
Source.cpp(506): warning C4102: 'std': unreferenced label
Source.cpp(539): warning C4102: 'std': unreferenced label
Source.cpp(558): warning C4102: 'std': unreferenced label
Source.cpp(695): warning C4102: 'std': unreferenced label
  winHook.cpp
     Creating library C:\Users\WalterD\Documents\Work\ONR_Malploy\deception-hooks\Release\winHook.lib and object C:\Users\WalterD\Documents\Work\ONR_Malploy\deception-hooks\Release\winHook.exp
  Generating code
  All 5675 functions were compiled because no usable IPDB/IOBJ from previous compilation was found.
  Finished generating code
  winHook.vcxproj -> C:\Users\WalterD\Documents\Work\ONR_Malploy\deception-hooks\Release\winHook.dll
  winHook.vcxproj -> C:\Users\WalterD\Documents\Work\ONR_Malploy\deception-hooks\Release\winHook.pdb (Full PDB)
